# JRE version: OpenJDK Runtime Environment Temurin-21.0.10+7 (21.0.10+7) (build 21.0.10+7-LTS)
# Java VM: OpenJDK 64-Bit Server VM Temurin-21.0.10+7 (21.0.10+7-LTS, mixed mode, sharing, tiered, compressed oops, compressed class ptrs, parallel gc, windows-amd64)
GC Precious Log:
 CardTable entry size: 512
 CPUs: 4 total, 4 available
 Memory: 8064M
 Large Page Support: Disabled
 NUMA Support: Disabled
 Compressed Oops: Enabled (32-bit)
 Alignments: Space 512K, Generation 512K, Heap 2M
 Heap Min Capacity: 100M
 Heap Initial Capacity: 100M
 Heap Max Capacity: 2G
 Pre-touch: Disabled
 Parallel Workers: 4
Heap:
 PSYoungGen      total 6144K, used 2926K [0x00000000d5580000, 0x00000000d5d00000, 0x0000000100000000)
  eden space 5120K, 45% used [0x00000000d5580000,0x00000000d57c3d70,0x00000000d5a80000)
  from space 1024K, 59% used [0x00000000d5a80000,0x00000000d5b17e68,0x00000000d5b80000)
  to   space 1024K, 0% used [0x00000000d5c00000,0x00000000d5c00000,0x00000000d5d00000)
 ParOldGen       total 166912K, used 166421K [0x0000000080000000, 0x000000008a300000, 0x00000000d5580000)
  object space 166912K, 99% used [0x0000000080000000,0x000000008a285718,0x000000008a300000)
 Metaspace       used 64883K, committed 66496K, reserved 1114112K
  class space    used 6832K, committed 7552K, reserved 1048576K
GC Heap History (20 events):
Event: 963.764 GC heap before
{Heap before GC invocations=139 (full 3):
 PSYoungGen      total 5120K, used 5119K [0x00000000d5580000, 0x00000000d6080000, 0x0000000100000000)
  eden space 3072K, 99% used [0x00000000d5580000,0x00000000d587fff0,0x00000000d5880000)
  from space 2048K, 100% used [0x00000000d5a00000,0x00000000d5c00000,0x00000000d5c00000)
  to   space 4096K, 0% used [0x00000000d5c80000,0x00000000d5c80000,0x00000000d6080000)
 ParOldGen       total 147456K, used 147181K [0x0000000080000000, 0x0000000089000000, 0x00000000d5580000)
  object space 147456K, 99% used [0x0000000080000000,0x0000000088fbb7e0,0x0000000089000000)
 Metaspace       used 64385K, committed 66048K, reserved 1114112K
  class space    used 6794K, committed 7552K, reserved 1048576K
}
Event: 963.771 GC heap after
{Heap after GC invocations=139 (full 3):
 PSYoungGen      total 6144K, used 1664K [0x00000000d5580000, 0x00000000d5e80000, 0x0000000100000000)
  eden space 4096K, 0% used [0x00000000d5580000,0x00000000d5580000,0x00000000d5980000)
  from space 2048K, 81% used [0x00000000d5c80000,0x00000000d5e20000,0x00000000d5e80000)
  to   space 2560K, 0% used [0x00000000d5980000,0x00000000d5980000,0x00000000d5c00000)
 ParOldGen       total 149504K, used 149229K [0x0000000080000000, 0x0000000089200000, 0x00000000d5580000)
  object space 149504K, 99% used [0x0000000080000000,0x00000000891bb7e0,0x0000000089200000)
 Metaspace       used 64385K, committed 66048K, reserved 1114112K
  class space    used 6794K, committed 7552K, reserved 1048576K
}
Event: 963.838 GC heap before
{Heap before GC invocations=140 (full 3):
 PSYoungGen      total 6144K, used 5760K [0x00000000d5580000, 0x00000000d5e80000, 0x0000000100000000)
  eden space 4096K, 100% used [0x00000000d5580000,0x00000000d5980000,0x00000000d5980000)
  from space 2048K, 81% used [0x00000000d5c80000,0x00000000d5e20000,0x00000000d5e80000)
  to   space 2560K, 0% used [0x00000000d5980000,0x00000000d5980000,0x00000000d5c00000)
 ParOldGen       total 149504K, used 149229K [0x0000000080000000, 0x0000000089200000, 0x00000000d5580000)
  object space 149504K, 99% used [0x0000000080000000,0x00000000891bb7e0,0x0000000089200000)
 Metaspace       used 64458K, committed 66112K, reserved 1114112K
  class space    used 6798K, committed 7552K, reserved 1048576K
}
Event: 963.847 GC heap after
{Heap after GC invocations=140 (full 3):
 PSYoungGen      total 6656K, used 2544K [0x00000000d5580000, 0x00000000d6380000, 0x0000000100000000)
  eden space 4096K, 0% used [0x00000000d5580000,0x00000000d5580000,0x00000000d5980000)
  from space 2560K, 99% used [0x00000000d5980000,0x00000000d5bfc010,0x00000000d5c00000)
  to   space 5120K, 0% used [0x00000000d5e80000,0x00000000d5e80000,0x00000000d6380000)
 ParOldGen       total 151040K, used 150997K [0x0000000080000000, 0x0000000089380000, 0x00000000d5580000)
  object space 151040K, 99% used [0x0000000080000000,0x00000000893757e0,0x0000000089380000)
 Metaspace       used 64458K, committed 66112K, reserved 1114112K
  class space    used 6798K, committed 7552K, reserved 1048576K
}
Event: 963.867 GC heap before
{Heap before GC invocations=141 (full 3):
 PSYoungGen      total 6656K, used 6640K [0x00000000d5580000, 0x00000000d6380000, 0x0000000100000000)
  eden space 4096K, 100% used [0x00000000d5580000,0x00000000d5980000,0x00000000d5980000)
  from space 2560K, 99% used [0x00000000d5980000,0x00000000d5bfc010,0x00000000d5c00000)
  to   space 5120K, 0% used [0x00000000d5e80000,0x00000000d5e80000,0x00000000d6380000)
 ParOldGen       total 151040K, used 150997K [0x0000000080000000, 0x0000000089380000, 0x00000000d5580000)
  object space 151040K, 99% used [0x0000000080000000,0x00000000893757e0,0x0000000089380000)
 Metaspace       used 64461K, committed 66112K, reserved 1114112K
  class space    used 6799K, committed 7552K, reserved 1048576K
}
Event: 963.876 GC heap after
{Heap after GC invocations=141 (full 3):
 PSYoungGen      total 8704K, used 3104K [0x00000000d5580000, 0x00000000d6200000, 0x0000000100000000)
  eden space 5120K, 0% used [0x00000000d5580000,0x00000000d5580000,0x00000000d5a80000)
  from space 3584K, 86% used [0x00000000d5e80000,0x00000000d6188000,0x00000000d6200000)
  to   space 3584K, 0% used [0x00000000d5b00000,0x00000000d5b00000,0x00000000d5e80000)
 ParOldGen       total 153600K, used 153554K [0x0000000080000000, 0x0000000089600000, 0x00000000d5580000)
  object space 153600K, 99% used [0x0000000080000000,0x00000000895f4ac0,0x0000000089600000)
 Metaspace       used 64461K, committed 66112K, reserved 1114112K
  class space    used 6799K, committed 7552K, reserved 1048576K
}
Event: 963.948 GC heap before
{Heap before GC invocations=142 (full 3):
 PSYoungGen      total 8704K, used 8224K [0x00000000d5580000, 0x00000000d6200000, 0x0000000100000000)
  eden space 5120K, 100% used [0x00000000d5580000,0x00000000d5a80000,0x00000000d5a80000)
  from space 3584K, 86% used [0x00000000d5e80000,0x00000000d6188000,0x00000000d6200000)
  to   space 3584K, 0% used [0x00000000d5b00000,0x00000000d5b00000,0x00000000d5e80000)
 ParOldGen       total 153600K, used 153554K [0x0000000080000000, 0x0000000089600000, 0x00000000d5580000)
  object space 153600K, 99% used [0x0000000080000000,0x00000000895f4ac0,0x0000000089600000)
 Metaspace       used 64473K, committed 66112K, reserved 1114112K
  class space    used 6800K, committed 7552K, reserved 1048576K
}
Event: 963.959 GC heap after
{Heap after GC invocations=142 (full 3):
 PSYoungGen      total 8704K, used 3552K [0x00000000d5580000, 0x00000000d6280000, 0x0000000100000000)
  eden space 5120K, 0% used [0x00000000d5580000,0x00000000d5580000,0x00000000d5a80000)
  from space 3584K, 99% used [0x00000000d5b00000,0x00000000d5e78000,0x00000000d5e80000)
  to   space 4096K, 0% used [0x00000000d5e80000,0x00000000d5e80000,0x00000000d6280000)
 ParOldGen       total 156672K, used 156558K [0x0000000080000000, 0x0000000089900000, 0x00000000d5580000)
  object space 156672K, 99% used [0x0000000080000000,0x00000000898e3b48,0x0000000089900000)
 Metaspace       used 64473K, committed 66112K, reserved 1114112K
  class space    used 6800K, committed 7552K, reserved 1048576K
}
Event: 964.137 GC heap before
{Heap before GC invocations=143 (full 3):
 PSYoungGen      total 8704K, used 8672K [0x00000000d5580000, 0x00000000d6280000, 0x0000000100000000)
  eden space 5120K, 100% used [0x00000000d5580000,0x00000000d5a80000,0x00000000d5a80000)
  from space 3584K, 99% used [0x00000000d5b00000,0x00000000d5e78000,0x00000000d5e80000)
  to   space 4096K, 0% used [0x00000000d5e80000,0x00000000d5e80000,0x00000000d6280000)
 ParOldGen       total 156672K, used 156558K [0x0000000080000000, 0x0000000089900000, 0x00000000d5580000)
  object space 156672K, 99% used [0x0000000080000000,0x00000000898e3b48,0x0000000089900000)
 Metaspace       used 64480K, committed 66112K, reserved 1114112K
  class space    used 6801K, committed 7552K, reserved 1048576K
}
Event: 964.148 GC heap after
{Heap after GC invocations=143 (full 3):
 PSYoungGen      total 9216K, used 3968K [0x00000000d5580000, 0x00000000d6280000, 0x0000000100000000)
  eden space 5120K, 0% used [0x00000000d5580000,0x00000000d5580000,0x00000000d5a80000)
  from space 4096K, 96% used [0x00000000d5e80000,0x00000000d6260000,0x00000000d6280000)
  to   space 4096K, 0% used [0x00000000d5a80000,0x00000000d5a80000,0x00000000d5e80000)
 ParOldGen       total 160256K, used 160108K [0x0000000080000000, 0x0000000089c80000, 0x00000000d5580000)
  object space 160256K, 99% used [0x0000000080000000,0x0000000089c5b130,0x0000000089c80000)
 Metaspace       used 64480K, committed 66112K, reserved 1114112K
  class space    used 6801K, committed 7552K, reserved 1048576K
}
Event: 964.719 GC heap before
{Heap before GC invocations=144 (full 3):
 PSYoungGen      total 9216K, used 9088K [0x00000000d5580000, 0x00000000d6280000, 0x0000000100000000)
  eden space 5120K, 100% used [0x00000000d5580000,0x00000000d5a80000,0x00000000d5a80000)
  from space 4096K, 96% used [0x00000000d5e80000,0x00000000d6260000,0x00000000d6280000)
  to   space 4096K, 0% used [0x00000000d5a80000,0x00000000d5a80000,0x00000000d5e80000)
 ParOldGen       total 160256K, used 160108K [0x0000000080000000, 0x0000000089c80000, 0x00000000d5580000)
  object space 160256K, 99% used [0x0000000080000000,0x0000000089c5b130,0x0000000089c80000)
 Metaspace       used 64559K, committed 66176K, reserved 1114112K
  class space    used 6809K, committed 7552K, reserved 1048576K
}
Event: 964.727 GC heap after
{Heap after GC invocations=144 (full 3):
 PSYoungGen      total 6144K, used 1015K [0x00000000d5580000, 0x00000000d5f80000, 0x0000000100000000)
  eden space 5120K, 0% used [0x00000000d5580000,0x00000000d5580000,0x00000000d5a80000)
  from space 1024K, 99% used [0x00000000d5a80000,0x00000000d5b7df40,0x00000000d5b80000)
  to   space 2560K, 0% used [0x00000000d5d00000,0x00000000d5d00000,0x00000000d5f80000)
 ParOldGen       total 164352K, used 164004K [0x0000000080000000, 0x000000008a080000, 0x00000000d5580000)
  object space 164352K, 99% used [0x0000000080000000,0x000000008a029130,0x000000008a080000)
 Metaspace       used 64559K, committed 66176K, reserved 1114112K
  class space    used 6809K, committed 7552K, reserved 1048576K
}
Event: 964.843 GC heap before
{Heap before GC invocations=145 (full 3):
 PSYoungGen      total 6144K, used 6135K [0x00000000d5580000, 0x00000000d5f80000, 0x0000000100000000)
  eden space 5120K, 100% used [0x00000000d5580000,0x00000000d5a80000,0x00000000d5a80000)
  from space 1024K, 99% used [0x00000000d5a80000,0x00000000d5b7df40,0x00000000d5b80000)
  to   space 2560K, 0% used [0x00000000d5d00000,0x00000000d5d00000,0x00000000d5f80000)
 ParOldGen       total 164352K, used 164004K [0x0000000080000000, 0x000000008a080000, 0x00000000d5580000)
  object space 164352K, 99% used [0x0000000080000000,0x000000008a029130,0x000000008a080000)
 Metaspace       used 64602K, committed 66240K, reserved 1114112K
  class space    used 6813K, committed 7552K, reserved 1048576K
}
Event: 964.846 GC heap after
{Heap after GC invocations=145 (full 3):
 PSYoungGen      total 6144K, used 544K [0x00000000d5580000, 0x00000000d5e00000, 0x0000000100000000)
  eden space 5120K, 0% used [0x00000000d5580000,0x00000000d5580000,0x00000000d5a80000)
  from space 1024K, 53% used [0x00000000d5d00000,0x00000000d5d88020,0x00000000d5e00000)
  to   space 1024K, 0% used [0x00000000d5a80000,0x00000000d5a80000,0x00000000d5b80000)
 ParOldGen       total 165376K, used 164966K [0x0000000080000000, 0x000000008a180000, 0x00000000d5580000)
  object space 165376K, 99% used [0x0000000080000000,0x000000008a119990,0x000000008a180000)
 Metaspace       used 64602K, committed 66240K, reserved 1114112K
  class space    used 6813K, committed 7552K, reserved 1048576K
}
Event: 964.922 GC heap before
{Heap before GC invocations=146 (full 3):
 PSYoungGen      total 6144K, used 5664K [0x00000000d5580000, 0x00000000d5e00000, 0x0000000100000000)
  eden space 5120K, 100% used [0x00000000d5580000,0x00000000d5a80000,0x00000000d5a80000)
  from space 1024K, 53% used [0x00000000d5d00000,0x00000000d5d88020,0x00000000d5e00000)
  to   space 1024K, 0% used [0x00000000d5a80000,0x00000000d5a80000,0x00000000d5b80000)
 ParOldGen       total 165376K, used 164966K [0x0000000080000000, 0x000000008a180000, 0x00000000d5580000)
  object space 165376K, 99% used [0x0000000080000000,0x000000008a119990,0x000000008a180000)
 Metaspace       used 64646K, committed 66240K, reserved 1114112K
  class space    used 6816K, committed 7552K, reserved 1048576K
}
Event: 964.925 GC heap after
{Heap after GC invocations=146 (full 3):
 PSYoungGen      total 6144K, used 544K [0x00000000d5580000, 0x00000000d5d80000, 0x0000000100000000)
  eden space 5120K, 0% used [0x00000000d5580000,0x00000000d5580000,0x00000000d5a80000)
  from space 1024K, 53% used [0x00000000d5a80000,0x00000000d5b08020,0x00000000d5b80000)
  to   space 1024K, 0% used [0x00000000d5c80000,0x00000000d5c80000,0x00000000d5d80000)
 ParOldGen       total 165888K, used 165406K [0x0000000080000000, 0x000000008a200000, 0x00000000d5580000)
  object space 165888K, 99% used [0x0000000080000000,0x000000008a187a40,0x000000008a200000)
 Metaspace       used 64646K, committed 66240K, reserved 1114112K
  class space    used 6816K, committed 7552K, reserved 1048576K
}
Event: 965.132 GC heap before
{Heap before GC invocations=147 (full 3):
 PSYoungGen      total 6144K, used 5664K [0x00000000d5580000, 0x00000000d5d80000, 0x0000000100000000)
  eden space 5120K, 100% used [0x00000000d5580000,0x00000000d5a80000,0x00000000d5a80000)
  from space 1024K, 53% used [0x00000000d5a80000,0x00000000d5b08020,0x00000000d5b80000)
  to   space 1024K, 0% used [0x00000000d5c80000,0x00000000d5c80000,0x00000000d5d80000)
 ParOldGen       total 165888K, used 165406K [0x0000000080000000, 0x000000008a200000, 0x00000000d5580000)
  object space 165888K, 99% used [0x0000000080000000,0x000000008a187a40,0x000000008a200000)
 Metaspace       used 64745K, committed 66368K, reserved 1114112K
  class space    used 6827K, committed 7552K, reserved 1048576K
}
Event: 965.136 GC heap after
{Heap after GC invocations=147 (full 3):
 PSYoungGen      total 6144K, used 594K [0x00000000d5580000, 0x00000000d5d80000, 0x0000000100000000)
  eden space 5120K, 0% used [0x00000000d5580000,0x00000000d5580000,0x00000000d5a80000)
  from space 1024K, 58% used [0x00000000d5c80000,0x00000000d5d148a0,0x00000000d5d80000)
  to   space 1024K, 0% used [0x00000000d5a80000,0x00000000d5a80000,0x00000000d5b80000)
 ParOldGen       total 166400K, used 165910K [0x0000000080000000, 0x000000008a280000, 0x00000000d5580000)
  object space 166400K, 99% used [0x0000000080000000,0x000000008a205a60,0x000000008a280000)
 Metaspace       used 64745K, committed 66368K, reserved 1114112K
  class space    used 6827K, committed 7552K, reserved 1048576K
}
Event: 965.382 GC heap before
{Heap before GC invocations=148 (full 3):
 PSYoungGen      total 6144K, used 5714K [0x00000000d5580000, 0x00000000d5d80000, 0x0000000100000000)
  eden space 5120K, 100% used [0x00000000d5580000,0x00000000d5a80000,0x00000000d5a80000)
  from space 1024K, 58% used [0x00000000d5c80000,0x00000000d5d148a0,0x00000000d5d80000)
  to   space 1024K, 0% used [0x00000000d5a80000,0x00000000d5a80000,0x00000000d5b80000)
 ParOldGen       total 166400K, used 165910K [0x0000000080000000, 0x000000008a280000, 0x00000000d5580000)
  object space 166400K, 99% used [0x0000000080000000,0x000000008a205a60,0x000000008a280000)
 Metaspace       used 64823K, committed 66432K, reserved 1114112K
  class space    used 6831K, committed 7552K, reserved 1048576K
}
Event: 965.385 GC heap after
{Heap after GC invocations=148 (full 3):
 PSYoungGen      total 6144K, used 607K [0x00000000d5580000, 0x00000000d5d00000, 0x0000000100000000)
  eden space 5120K, 0% used [0x00000000d5580000,0x00000000d5580000,0x00000000d5a80000)
  from space 1024K, 59% used [0x00000000d5a80000,0x00000000d5b17e68,0x00000000d5b80000)
  to   space 1024K, 0% used [0x00000000d5c00000,0x00000000d5c00000,0x00000000d5d00000)
 ParOldGen       total 166912K, used 166421K [0x0000000080000000, 0x000000008a300000, 0x00000000d5580000)
  object space 166912K, 99% used [0x0000000080000000,0x000000008a285718,0x000000008a300000)
 Metaspace       used 64823K, committed 66432K, reserved 1114112K
  class space    used 6831K, committed 7552K, reserved 1048576K
}

